\BOOKMARK [1][-]{section.1}{\376\377\000E\000i\000n\000l\000e\000i\000t\000u\000n\000g}{}% 1
\BOOKMARK [1][-]{section.2}{\376\377\000I\000n\000f\000o\000r\000m\000a\000t\000i\000o\000n\000s\000t\000h\000e\000o\000r\000e\000t\000i\000s\000c\000h\000e\000\040\000V\000o\000r\000b\000e\000t\000r\000a\000c\000h\000t\000u\000n\000g\000e\000n}{}% 2
\BOOKMARK [2][-]{subsection.2.1}{\376\377\000T\000r\000a\000n\000s\000l\000a\000t\000o\000r\000i\000s\000c\000h\000e\000\040\000O\000r\000i\000e\000n\000t\000i\000e\000r\000u\000n\000g\000s\000s\000y\000s\000t\000e\000m\000e}{section.2}% 3
\BOOKMARK [3][-]{subsubsection.2.1.1}{\376\377\000H\000i\000m\000m\000e\000l\000s\000r\000i\000c\000h\000t\000u\000n\000g\000e\000n}{subsection.2.1}% 4
\BOOKMARK [2][-]{subsection.2.2}{\376\377\000R\000o\000t\000a\000t\000o\000r\000i\000s\000c\000h\000e\000\040\000O\000r\000i\000e\000n\000t\000i\000e\000r\000u\000n\000g\000s\000s\000y\000s\000t\000e\000m\000e}{section.2}% 5
\BOOKMARK [3][-]{subsubsection.2.2.1}{\376\377\000E\000i\000n\000f\000\374\000h\000r\000u\000n\000g}{subsection.2.2}% 6
\BOOKMARK [3][-]{subsubsection.2.2.2}{\376\377\000E\000u\000l\000e\000r\000w\000i\000n\000k\000e\000l}{subsection.2.2}% 7
\BOOKMARK [3][-]{subsubsection.2.2.3}{\376\377\000K\000a\000r\000d\000a\000n\000w\000i\000n\000k\000e\000l}{subsection.2.2}% 8
\BOOKMARK [3][-]{subsubsection.2.2.4}{\376\377\000F\000l\000u\000g\000s\000y\000s\000t\000e\000m\000l\000a\000g\000e}{subsection.2.2}% 9
\BOOKMARK [3][-]{subsubsection.2.2.5}{\376\377\000G\000i\000m\000b\000e\000l\000\040\000L\000o\000c\000k}{subsection.2.2}% 10
\BOOKMARK [3][-]{subsubsection.2.2.6}{\376\377\000Q\000u\000a\000t\000e\000r\000n\000i\000o\000n\000e\000n}{subsection.2.2}% 11
\BOOKMARK [1][-]{section.3}{\376\377\000S\000y\000s\000t\000e\000m\000t\000h\000e\000o\000r\000e\000t\000i\000s\000c\000h\000e\000\040\000V\000o\000r\000b\000e\000t\000r\000a\000c\000h\000t\000u\000n\000g\000e\000n}{}% 12
\BOOKMARK [2][-]{subsection.3.1}{\376\377\000M\000o\000d\000e\000l\000l\000i\000e\000r\000u\000n\000g\000\040\000u\000n\000d\000\040\000Q\000u\000a\000d\000c\000o\000p\000t\000e\000r\000s\000y\000s\000t\000e\000m}{section.3}% 13
\BOOKMARK [3][-]{subsubsection.3.1.1}{\376\377\000A\000l\000l\000g\000e\000m\000e\000i\000n\000e\000\040\000A\000n\000f\000o\000r\000d\000e\000r\000u\000n\000g\000e\000n\000\040\000a\000n\000\040\000e\000i\000n\000\040\000D\000y\000n\000a\000m\000i\000k\000m\000o\000d\000e\000l\000l}{subsection.3.1}% 14
\BOOKMARK [3][-]{subsubsection.3.1.2}{\376\377\000T\000e\000i\000l\000s\000y\000s\000t\000e\000m\000e\000\040\000d\000e\000s\000\040\000Q\000u\000a\000d\000c\000o\000p\000t\000e\000r\000s}{subsection.3.1}% 15
\BOOKMARK [3][-]{subsubsection.3.1.3}{\376\377\000Z\000u\000s\000t\000a\000n\000d\000s\000v\000e\000k\000t\000o\000r\000\040\000u\000n\000d\000\040\000Q\000u\000a\000d\000c\000o\000p\000t\000e\000r\000d\000y\000n\000a\000m\000i\000k\000m\000o\000d\000e\000l\000l}{subsection.3.1}% 16
\BOOKMARK [2][-]{subsection.3.2}{\376\377\000R\000e\000g\000e\000l\000u\000n\000g\000s\000t\000e\000c\000h\000n\000i\000k}{section.3}% 17
\BOOKMARK [3][-]{subsubsection.3.2.1}{\376\377\000R\000e\000g\000e\000l\000u\000n\000g\000s\000p\000r\000o\000b\000l\000e\000m}{subsection.3.2}% 18
\BOOKMARK [3][-]{subsubsection.3.2.2}{\376\377\000F\000e\000h\000l\000e\000r}{subsection.3.2}% 19
\BOOKMARK [3][-]{subsubsection.3.2.3}{\376\377\000R\000e\000g\000l\000e\000r}{subsection.3.2}% 20
\BOOKMARK [3][-]{subsubsection.3.2.4}{\376\377\000P\000I\000D\000-\000R\000e\000g\000l\000e\000r}{subsection.3.2}% 21
\BOOKMARK [3][-]{subsubsection.3.2.5}{\376\377\000Q\000u\000a\000d\000c\000o\000p\000t\000e\000r\000r\000e\000g\000e\000l\000u\000n\000g\000s\000p\000r\000o\000b\000l\000e\000m}{subsection.3.2}% 22
\BOOKMARK [2][-]{subsection.3.3}{\376\377\000T\000i\000e\000f\000e\000s\000\040\000v\000e\000r\000s\000t\000\344\000r\000k\000e\000n\000d\000e\000s\000\040\000L\000e\000r\000n\000e\000n}{section.3}% 23
\BOOKMARK [3][-]{subsubsection.3.3.1}{\376\377\000L\000e\000r\000n\000p\000r\000o\000b\000l\000e\000m}{subsection.3.3}% 24
\BOOKMARK [3][-]{subsubsection.3.3.2}{\376\377\000A\000n\000a\000l\000o\000g\000i\000e\000n\000\040\000z\000u\000r\000\040\000R\000e\000g\000e\000l\000u\000n\000g\000s\000t\000e\000c\000h\000n\000i\000k}{subsection.3.3}% 25
\BOOKMARK [3][-]{subsubsection.3.3.3}{\376\377\000V\000o\000k\000a\000b\000u\000l\000a\000r\000\040\000d\000e\000s\000\040\000t\000i\000e\000f\000e\000n\000\040\000v\000e\000r\000s\000t\000\344\000r\000k\000e\000n\000d\000e\000n\000\040\000L\000e\000r\000n\000e\000n\000s}{subsection.3.3}% 26
\BOOKMARK [3][-]{subsubsection.3.3.4}{\376\377\000T\000i\000e\000f\000e\000\040\000N\000e\000t\000z\000w\000e\000r\000k\000e}{subsection.3.3}% 27
\BOOKMARK [3][-]{subsubsection.3.3.5}{\376\377\000M\000e\000h\000r\000s\000c\000h\000i\000c\000h\000t\000i\000g\000e\000s\000\040\000P\000e\000r\000z\000e\000p\000t\000r\000o\000n\000e\000n\000n\000e\000t\000z\000w\000e\000r\000k}{subsection.3.3}% 28
\BOOKMARK [3][-]{subsubsection.3.3.6}{\376\377\000F\000e\000h\000l\000e\000r\000\374\000c\000k\000f\000\374\000h\000r\000u\000n\000g\000s\000a\000l\000g\000o\000r\000i\000t\000h\000m\000u\000s}{subsection.3.3}% 29
\BOOKMARK [2][-]{subsection.3.4}{\376\377\000P\000r\000o\000x\000i\000m\000a\000l\000-\000P\000o\000l\000i\000c\000y\000-\000O\000p\000t\000i\000m\000i\000z\000a\000t\000i\000o\000n}{section.3}% 30
\BOOKMARK [2][-]{subsection.3.5}{\376\377\000S\000t\000a\000b\000l\000e\000-\000B\000a\000s\000e\000l\000i\000n\000e\000s\0003}{section.3}% 31
\BOOKMARK [2][-]{subsection.3.6}{\376\377\000F\000a\000m\000a\000r\000a\000\040\000G\000y\000m\000n\000a\000s\000i\000u\000m}{section.3}% 32
\BOOKMARK [2][-]{subsection.3.7}{\376\377\000T\000e\000n\000s\000o\000r\000b\000o\000a\000r\000d}{section.3}% 33
\BOOKMARK [2][-]{subsection.3.8}{\376\377\000Z\000u\000s\000t\000a\000n\000d\000s\000o\000b\000s\000e\000r\000v\000a\000t\000i\000o\000n\000\040\000m\000i\000t\000\040\000e\000i\000n\000e\000r\000\040\000I\000n\000e\000r\000t\000i\000a\000l\000e\000n\000\040\000M\000e\000s\000s\000e\000i\000n\000h\000e\000i\000t}{section.3}% 34
\BOOKMARK [2][-]{subsection.3.9}{\376\377\000P\000u\000l\000s\000w\000e\000i\000t\000e\000n\000m\000o\000d\000u\000l\000a\000t\000i\000o\000n\000\040\000u\000n\000d\000\040\000M\000o\000t\000o\000r\000a\000n\000s\000t\000e\000u\000e\000r\000u\000n\000g}{section.3}% 35
\BOOKMARK [2][-]{subsection.3.10}{\376\377\000F\000l\000a\000s\000k\000\040\000u\000n\000d\000\040\000T\000h\000r\000e\000e\000J\000S}{section.3}% 36
\BOOKMARK [1][-]{section.4}{\376\377\000I\000m\000p\000l\000e\000m\000e\000n\000t\000i\000e\000r\000u\000n\000g}{}% 37
\BOOKMARK [2][-]{subsection.4.1}{\376\377\000P\000r\000o\000d\000u\000k\000t\000i\000v\000i\000t\000\344\000t\000\040\000u\000n\000d\000\040\000B\000e\000l\000l\000m\000a\000n}{section.4}% 38
\BOOKMARK [2][-]{subsection.4.2}{\376\377\000I\000d\000e\000a\000l\000e\000r\000\040\000A\000b\000l\000a\000u\000f\000p\000l\000a\000n\000\040\000d\000e\000r\000\040\000g\000e\000s\000a\000m\000t\000e\000n\000\040\000S\000y\000s\000t\000e\000m\000i\000n\000t\000e\000g\000r\000a\000t\000i\000o\000n\000s\000p\000r\000o\000z\000e\000s\000s\000e\000s}{section.4}% 39
\BOOKMARK [2][-]{subsection.4.3}{\376\377\000B\000e\000s\000c\000h\000a\000f\000f\000u\000n\000g}{section.4}% 40
\BOOKMARK [2][-]{subsection.4.4}{\376\377\000R\000a\000h\000m\000e\000n\000p\000r\000o\000d\000u\000k\000t\000i\000o\000n}{section.4}% 41
\BOOKMARK [2][-]{subsection.4.5}{\376\377\000M\000o\000n\000t\000i\000e\000r\000u\000n\000g\000\040\000u\000n\000d\000\040\000A\000n\000b\000i\000n\000d\000u\000n\000g\000\040\000d\000e\000r\000\040\000B\000L\000D\000C\000-\000M\000o\000t\000o\000r\000e\000n\000\040\000u\000n\000d\000\040\000T\000r\000e\000i\000b\000e\000r}{section.4}% 42
\BOOKMARK [2][-]{subsection.4.6}{\376\377\000E\000n\000t\000w\000i\000c\000k\000l\000u\000n\000g\000\040\000d\000e\000r\000\040\000S\000i\000m\000u\000l\000a\000t\000i\000o\000n\000s\000-\000\040\000u\000n\000d\000\040\000L\000e\000r\000n\000s\000o\000f\000t\000w\000a\000r\000e}{section.4}% 43
\BOOKMARK [3][-]{subsubsection.4.6.1}{\376\377\000A\000n\000a\000l\000y\000s\000e\000\040\000u\000n\000d\000\040\000A\000d\000a\000p\000t\000i\000o\000n\000\040\000d\000e\000r\000\040\000Q\000u\000a\000d\000c\000o\000p\000t\000e\000r\000d\000y\000n\000a\000m\000i\000k}{subsection.4.6}% 44
\BOOKMARK [3][-]{subsubsection.4.6.2}{\376\377\000A\000r\000c\000h\000i\000t\000e\000k\000t\000u\000r}{subsection.4.6}% 45
\BOOKMARK [3][-]{subsubsection.4.6.3}{\376\377\000B\000e\000l\000o\000h\000n\000u\000n\000g\000s\000f\000u\000n\000k\000t\000i\000o\000n\000e\000n}{subsection.4.6}% 46
\BOOKMARK [3][-]{subsubsection.4.6.4}{\376\377\000B\000e\000o\000b\000a\000c\000h\000t\000u\000n\000g\000s\000r\000a\000u\000m}{subsection.4.6}% 47
\BOOKMARK [3][-]{subsubsection.4.6.5}{\376\377\000G\000e\000s\000c\000h\000w\000i\000n\000d\000i\000g\000k\000e\000i\000t\000s\000s\000o\000l\000l\000v\000e\000k\000t\000o\000r}{subsection.4.6}% 48
\BOOKMARK [2][-]{subsection.4.7}{\376\377\000L\000e\000r\000n\000e\000n\000\040\000d\000e\000r\000\040\000P\000I\000D\000-\000P\000a\000r\000a\000m\000e\000t\000e\000r}{section.4}% 49
\BOOKMARK [2][-]{subsection.4.8}{\376\377\000L\000e\000r\000n\000e\000n\000\040\000d\000e\000s\000\040\000E\000n\000d\000e\000-\000z\000u\000-\000E\000n\000d\000e\000-\000M\000o\000d\000e\000l\000l\000s}{section.4}% 50
\BOOKMARK [2][-]{subsection.4.9}{\376\377\000I\000m\000p\000l\000e\000m\000e\000n\000t\000i\000e\000r\000u\000n\000g\000\040\000d\000e\000s\000\040\000R\000e\000g\000l\000e\000r\000s}{section.4}% 51
\BOOKMARK [2][-]{subsection.4.10}{\376\377\000P\000r\000o\000d\000u\000k\000t\000i\000o\000n\000\040\000d\000e\000r\000\040\000T\000e\000s\000t\000b\000e\000n\000c\000h}{section.4}% 52
\BOOKMARK [2][-]{subsection.4.11}{\376\377\000A\000d\000a\000p\000t\000i\000o\000n}{section.4}% 53
\BOOKMARK [1][-]{section.5}{\376\377\000Z\000u\000s\000a\000m\000m\000e\000n\000f\000a\000s\000s\000s\000u\000n\000g}{}% 54
\BOOKMARK [1][-]{section.6}{\376\377\000R\000e\000f\000e\000r\000e\000n\000z\000e\000n}{}% 55
\BOOKMARK [2][-]{subsection.6.1}{\376\377\000L\000i\000t\000e\000r\000a\000t\000u\000r}{section.6}% 56
\BOOKMARK [2][-]{subsection.6.2}{\376\377\000B\000i\000l\000d\000e\000r\000v\000e\000r\000z\000e\000i\000c\000h\000n\000i\000s}{section.6}% 57
\BOOKMARK [2][-]{subsection.6.3}{\376\377\000R\000e\000p\000o\000s\000i\000t\000o\000r\000y}{section.6}% 58
