This is pdfTeX, Version 3.141592653-2.6-1.40.22 (TeX Live 2022/dev/Debian) (preloaded format=pdflatex 2024.3.19)  4 OCT 2024 21:50
entering extended mode
 restricted \write18 enabled.
 file:line:error style messages enabled.
 %&-line parsing enabled.
**/home/tim/Programme/Quadstar/report/Bericht.tex
(/home/tim/Programme/Quadstar/report/Bericht.tex
LaTeX2e <2021-11-15> patch level 1
L3 programming layer <2022-01-21> (/usr/share/texlive/texmf-dist/tex/latex/base/article.cls
Document Class: article 2021/10/04 v1.4n Standard LaTeX document class
(/usr/share/texlive/texmf-dist/tex/latex/base/size12.clo
File: size12.clo 2021/10/04 v1.4n Standard LaTeX file (size option)
)
\c@part=\count185
\c@section=\count186
\c@subsection=\count187
\c@subsubsection=\count188
\c@paragraph=\count189
\c@subparagraph=\count190
\c@figure=\count191
\c@table=\count192
\abovecaptionskip=\skip47
\belowcaptionskip=\skip48
\bibindent=\dimen138
) (/usr/share/texlive/texmf-dist/tex/latex/wrapfig/wrapfig.sty
\wrapoverhang=\dimen139
\WF@size=\dimen140
\c@WF@wrappedlines=\count193
\WF@box=\box50
\WF@everypar=\toks16
Package: wrapfig 2003/01/31  v 3.6
) (/usr/share/texlive/texmf-dist/tex/latex/pgf/frontendlayer/tikz.sty (/usr/share/texlive/texmf-dist/tex/latex/pgf/basiclayer/pgf.sty (/usr/share/texlive/texmf-dist/tex/latex/pgf/utilities/pgfrcs.sty (/usr/share/texlive/texmf-dist/tex/generic/pgf/utilities/pgfutil-common.tex
\pgfutil@everybye=\toks17
\pgfutil@tempdima=\dimen141
\pgfutil@tempdimb=\dimen142
 (/usr/share/texlive/texmf-dist/tex/generic/pgf/utilities/pgfutil-common-lists.tex)) (/usr/share/texlive/texmf-dist/tex/generic/pgf/utilities/pgfutil-latex.def
\pgfutil@abb=\box51
) (/usr/share/texlive/texmf-dist/tex/generic/pgf/utilities/pgfrcs.code.tex (/usr/share/texlive/texmf-dist/tex/generic/pgf/pgf.revision.tex)
Package: pgfrcs 2021/05/15 v3.1.9a (3.1.9a)
))
Package: pgf 2021/05/15 v3.1.9a (3.1.9a)
 (/usr/share/texlive/texmf-dist/tex/latex/pgf/basiclayer/pgfcore.sty (/usr/share/texlive/texmf-dist/tex/latex/graphics/graphicx.sty
Package: graphicx 2021/09/16 v1.2d Enhanced LaTeX Graphics (DPC,SPQR)
 (/usr/share/texlive/texmf-dist/tex/latex/graphics/keyval.sty
Package: keyval 2014/10/28 v1.15 key=value parser (DPC)
\KV@toks@=\toks18
) (/usr/share/texlive/texmf-dist/tex/latex/graphics/graphics.sty
Package: graphics 2021/03/04 v1.4d Standard LaTeX Graphics (DPC,SPQR)
 (/usr/share/texlive/texmf-dist/tex/latex/graphics/trig.sty
Package: trig 2021/08/11 v1.11 sin cos tan (DPC)
) (/usr/share/texlive/texmf-dist/tex/latex/graphics-cfg/graphics.cfg
File: graphics.cfg 2016/06/04 v1.11 sample graphics configuration
)
Package graphics Info: Driver file: pdftex.def on input line 107.
 (/usr/share/texlive/texmf-dist/tex/latex/graphics-def/pdftex.def
File: pdftex.def 2020/10/05 v1.2a Graphics/color driver for pdftex
))
\Gin@req@height=\dimen143
\Gin@req@width=\dimen144
) (/usr/share/texlive/texmf-dist/tex/latex/pgf/systemlayer/pgfsys.sty (/usr/share/texlive/texmf-dist/tex/generic/pgf/systemlayer/pgfsys.code.tex
Package: pgfsys 2021/05/15 v3.1.9a (3.1.9a)
 (/usr/share/texlive/texmf-dist/tex/generic/pgf/utilities/pgfkeys.code.tex
\pgfkeys@pathtoks=\toks19
\pgfkeys@temptoks=\toks20
 (/usr/share/texlive/texmf-dist/tex/generic/pgf/utilities/pgfkeysfiltered.code.tex
\pgfkeys@tmptoks=\toks21
))
\pgf@x=\dimen145
\pgf@y=\dimen146
\pgf@xa=\dimen147
\pgf@ya=\dimen148
\pgf@xb=\dimen149
\pgf@yb=\dimen150
\pgf@xc=\dimen151
\pgf@yc=\dimen152
\pgf@xd=\dimen153
\pgf@yd=\dimen154
\w@pgf@writea=\write3
\r@pgf@reada=\read2
\c@pgf@counta=\count194
\c@pgf@countb=\count195
\c@pgf@countc=\count196
\c@pgf@countd=\count197
\t@pgf@toka=\toks22
\t@pgf@tokb=\toks23
\t@pgf@tokc=\toks24
\pgf@sys@id@count=\count198
 (/usr/share/texlive/texmf-dist/tex/generic/pgf/systemlayer/pgf.cfg
File: pgf.cfg 2021/05/15 v3.1.9a (3.1.9a)
)
Driver file for pgf: pgfsys-pdftex.def
 (/usr/share/texlive/texmf-dist/tex/generic/pgf/systemlayer/pgfsys-pdftex.def
File: pgfsys-pdftex.def 2021/05/15 v3.1.9a (3.1.9a)
 (/usr/share/texlive/texmf-dist/tex/generic/pgf/systemlayer/pgfsys-common-pdf.def
File: pgfsys-common-pdf.def 2021/05/15 v3.1.9a (3.1.9a)
))) (/usr/share/texlive/texmf-dist/tex/generic/pgf/systemlayer/pgfsyssoftpath.code.tex
File: pgfsyssoftpath.code.tex 2021/05/15 v3.1.9a (3.1.9a)
\pgfsyssoftpath@smallbuffer@items=\count199
\pgfsyssoftpath@bigbuffer@items=\count266
) (/usr/share/texlive/texmf-dist/tex/generic/pgf/systemlayer/pgfsysprotocol.code.tex
File: pgfsysprotocol.code.tex 2021/05/15 v3.1.9a (3.1.9a)
)) (/usr/share/texlive/texmf-dist/tex/latex/xcolor/xcolor.sty
Package: xcolor 2021/10/31 v2.13 LaTeX color extensions (UK)
 (/usr/share/texlive/texmf-dist/tex/latex/graphics-cfg/color.cfg
File: color.cfg 2016/01/02 v1.6 sample color configuration
)
Package xcolor Info: Driver file: pdftex.def on input line 227.
Package xcolor Info: Model `cmy' substituted by `cmy0' on input line 1352.
Package xcolor Info: Model `hsb' substituted by `rgb' on input line 1356.
Package xcolor Info: Model `RGB' extended on input line 1368.
Package xcolor Info: Model `HTML' substituted by `rgb' on input line 1370.
Package xcolor Info: Model `Hsb' substituted by `hsb' on input line 1371.
Package xcolor Info: Model `tHsb' substituted by `hsb' on input line 1372.
Package xcolor Info: Model `HSB' substituted by `hsb' on input line 1373.
Package xcolor Info: Model `Gray' substituted by `gray' on input line 1374.
Package xcolor Info: Model `wave' substituted by `hsb' on input line 1375.
) (/usr/share/texlive/texmf-dist/tex/generic/pgf/basiclayer/pgfcore.code.tex
Package: pgfcore 2021/05/15 v3.1.9a (3.1.9a)
 (/usr/share/texlive/texmf-dist/tex/generic/pgf/math/pgfmath.code.tex (/usr/share/texlive/texmf-dist/tex/generic/pgf/math/pgfmathcalc.code.tex (/usr/share/texlive/texmf-dist/tex/generic/pgf/math/pgfmathutil.code.tex) (/usr/share/texlive/texmf-dist/tex/generic/pgf/math/pgfmathparser.code.tex
\pgfmath@dimen=\dimen155
\pgfmath@count=\count267
\pgfmath@box=\box52
\pgfmath@toks=\toks25
\pgfmath@stack@operand=\toks26
\pgfmath@stack@operation=\toks27
) (/usr/share/texlive/texmf-dist/tex/generic/pgf/math/pgfmathfunctions.code.tex (/usr/share/texlive/texmf-dist/tex/generic/pgf/math/pgfmathfunctions.basic.code.tex) (/usr/share/texlive/texmf-dist/tex/generic/pgf/math/pgfmathfunctions.trigonometric.code.tex) (/usr/share/texlive/texmf-dist/tex/generic/pgf/math/pgfmathfunctions.random.code.tex) (/usr/share/texlive/texmf-dist/tex/generic/pgf/math/pgfmathfunctions.comparison.code.tex) (/usr/share/texlive/texmf-dist/tex/generic/pgf/math/pgfmathfunctions.base.code.tex) (/usr/share/texlive/texmf-dist/tex/generic/pgf/math/pgfmathfunctions.round.code.tex) (/usr/share/texlive/texmf-dist/tex/generic/pgf/math/pgfmathfunctions.misc.code.tex) (/usr/share/texlive/texmf-dist/tex/generic/pgf/math/pgfmathfunctions.integerarithmetics.code.tex))) (/usr/share/texlive/texmf-dist/tex/generic/pgf/math/pgfmathfloat.code.tex
\c@pgfmathroundto@lastzeros=\count268
)) (/usr/share/texlive/texmf-dist/tex/generic/pgf/math/pgfint.code.tex) (/usr/share/texlive/texmf-dist/tex/generic/pgf/basiclayer/pgfcorepoints.code.tex
File: pgfcorepoints.code.tex 2021/05/15 v3.1.9a (3.1.9a)
\pgf@picminx=\dimen156
\pgf@picmaxx=\dimen157
\pgf@picminy=\dimen158
\pgf@picmaxy=\dimen159
\pgf@pathminx=\dimen160
\pgf@pathmaxx=\dimen161
\pgf@pathminy=\dimen162
\pgf@pathmaxy=\dimen163
\pgf@xx=\dimen164
\pgf@xy=\dimen165
\pgf@yx=\dimen166
\pgf@yy=\dimen167
\pgf@zx=\dimen168
\pgf@zy=\dimen169
) (/usr/share/texlive/texmf-dist/tex/generic/pgf/basiclayer/pgfcorepathconstruct.code.tex
File: pgfcorepathconstruct.code.tex 2021/05/15 v3.1.9a (3.1.9a)
\pgf@path@lastx=\dimen170
\pgf@path@lasty=\dimen171
) (/usr/share/texlive/texmf-dist/tex/generic/pgf/basiclayer/pgfcorepathusage.code.tex
File: pgfcorepathusage.code.tex 2021/05/15 v3.1.9a (3.1.9a)
\pgf@shorten@end@additional=\dimen172
\pgf@shorten@start@additional=\dimen173
) (/usr/share/texlive/texmf-dist/tex/generic/pgf/basiclayer/pgfcorescopes.code.tex
File: pgfcorescopes.code.tex 2021/05/15 v3.1.9a (3.1.9a)
\pgfpic=\box53
\pgf@hbox=\box54
\pgf@layerbox@main=\box55
\pgf@picture@serial@count=\count269
) (/usr/share/texlive/texmf-dist/tex/generic/pgf/basiclayer/pgfcoregraphicstate.code.tex
File: pgfcoregraphicstate.code.tex 2021/05/15 v3.1.9a (3.1.9a)
\pgflinewidth=\dimen174
) (/usr/share/texlive/texmf-dist/tex/generic/pgf/basiclayer/pgfcoretransformations.code.tex
File: pgfcoretransformations.code.tex 2021/05/15 v3.1.9a (3.1.9a)
\pgf@pt@x=\dimen175
\pgf@pt@y=\dimen176
\pgf@pt@temp=\dimen177
) (/usr/share/texlive/texmf-dist/tex/generic/pgf/basiclayer/pgfcorequick.code.tex
File: pgfcorequick.code.tex 2021/05/15 v3.1.9a (3.1.9a)
) (/usr/share/texlive/texmf-dist/tex/generic/pgf/basiclayer/pgfcoreobjects.code.tex
File: pgfcoreobjects.code.tex 2021/05/15 v3.1.9a (3.1.9a)
) (/usr/share/texlive/texmf-dist/tex/generic/pgf/basiclayer/pgfcorepathprocessing.code.tex
File: pgfcorepathprocessing.code.tex 2021/05/15 v3.1.9a (3.1.9a)
) (/usr/share/texlive/texmf-dist/tex/generic/pgf/basiclayer/pgfcorearrows.code.tex
File: pgfcorearrows.code.tex 2021/05/15 v3.1.9a (3.1.9a)
\pgfarrowsep=\dimen178
) (/usr/share/texlive/texmf-dist/tex/generic/pgf/basiclayer/pgfcoreshade.code.tex
File: pgfcoreshade.code.tex 2021/05/15 v3.1.9a (3.1.9a)
\pgf@max=\dimen179
\pgf@sys@shading@range@num=\count270
\pgf@shadingcount=\count271
) (/usr/share/texlive/texmf-dist/tex/generic/pgf/basiclayer/pgfcoreimage.code.tex
File: pgfcoreimage.code.tex 2021/05/15 v3.1.9a (3.1.9a)
 (/usr/share/texlive/texmf-dist/tex/generic/pgf/basiclayer/pgfcoreexternal.code.tex
File: pgfcoreexternal.code.tex 2021/05/15 v3.1.9a (3.1.9a)
\pgfexternal@startupbox=\box56
)) (/usr/share/texlive/texmf-dist/tex/generic/pgf/basiclayer/pgfcorelayers.code.tex
File: pgfcorelayers.code.tex 2021/05/15 v3.1.9a (3.1.9a)
) (/usr/share/texlive/texmf-dist/tex/generic/pgf/basiclayer/pgfcoretransparency.code.tex
File: pgfcoretransparency.code.tex 2021/05/15 v3.1.9a (3.1.9a)
) (/usr/share/texlive/texmf-dist/tex/generic/pgf/basiclayer/pgfcorepatterns.code.tex
File: pgfcorepatterns.code.tex 2021/05/15 v3.1.9a (3.1.9a)
) (/usr/share/texlive/texmf-dist/tex/generic/pgf/basiclayer/pgfcorerdf.code.tex
File: pgfcorerdf.code.tex 2021/05/15 v3.1.9a (3.1.9a)
))) (/usr/share/texlive/texmf-dist/tex/generic/pgf/modules/pgfmoduleshapes.code.tex
File: pgfmoduleshapes.code.tex 2021/05/15 v3.1.9a (3.1.9a)
\pgfnodeparttextbox=\box57
) (/usr/share/texlive/texmf-dist/tex/generic/pgf/modules/pgfmoduleplot.code.tex
File: pgfmoduleplot.code.tex 2021/05/15 v3.1.9a (3.1.9a)
) (/usr/share/texlive/texmf-dist/tex/latex/pgf/compatibility/pgfcomp-version-0-65.sty
Package: pgfcomp-version-0-65 2021/05/15 v3.1.9a (3.1.9a)
\pgf@nodesepstart=\dimen180
\pgf@nodesepend=\dimen181
) (/usr/share/texlive/texmf-dist/tex/latex/pgf/compatibility/pgfcomp-version-1-18.sty
Package: pgfcomp-version-1-18 2021/05/15 v3.1.9a (3.1.9a)
)) (/usr/share/texlive/texmf-dist/tex/latex/pgf/utilities/pgffor.sty (/usr/share/texlive/texmf-dist/tex/latex/pgf/utilities/pgfkeys.sty (/usr/share/texlive/texmf-dist/tex/generic/pgf/utilities/pgfkeys.code.tex)) (/usr/share/texlive/texmf-dist/tex/latex/pgf/math/pgfmath.sty (/usr/share/texlive/texmf-dist/tex/generic/pgf/math/pgfmath.code.tex)) (/usr/share/texlive/texmf-dist/tex/generic/pgf/utilities/pgffor.code.tex
Package: pgffor 2021/05/15 v3.1.9a (3.1.9a)
 (/usr/share/texlive/texmf-dist/tex/generic/pgf/math/pgfmath.code.tex)
\pgffor@iter=\dimen182
\pgffor@skip=\dimen183
\pgffor@stack=\toks28
\pgffor@toks=\toks29
)) (/usr/share/texlive/texmf-dist/tex/generic/pgf/frontendlayer/tikz/tikz.code.tex
Package: tikz 2021/05/15 v3.1.9a (3.1.9a)
 (/usr/share/texlive/texmf-dist/tex/generic/pgf/libraries/pgflibraryplothandlers.code.tex
File: pgflibraryplothandlers.code.tex 2021/05/15 v3.1.9a (3.1.9a)
\pgf@plot@mark@count=\count272
\pgfplotmarksize=\dimen184
)
\tikz@lastx=\dimen185
\tikz@lasty=\dimen186
\tikz@lastxsaved=\dimen187
\tikz@lastysaved=\dimen188
\tikz@lastmovetox=\dimen189
\tikz@lastmovetoy=\dimen190
\tikzleveldistance=\dimen191
\tikzsiblingdistance=\dimen192
\tikz@figbox=\box58
\tikz@figbox@bg=\box59
\tikz@tempbox=\box60
\tikz@tempbox@bg=\box61
\tikztreelevel=\count273
\tikznumberofchildren=\count274
\tikznumberofcurrentchild=\count275
\tikz@fig@count=\count276
 (/usr/share/texlive/texmf-dist/tex/generic/pgf/modules/pgfmodulematrix.code.tex
File: pgfmodulematrix.code.tex 2021/05/15 v3.1.9a (3.1.9a)
\pgfmatrixcurrentrow=\count277
\pgfmatrixcurrentcolumn=\count278
\pgf@matrix@numberofcolumns=\count279
)
\tikz@expandcount=\count280
 (/usr/share/texlive/texmf-dist/tex/generic/pgf/frontendlayer/tikz/libraries/tikzlibrarytopaths.code.tex
File: tikzlibrarytopaths.code.tex 2021/05/15 v3.1.9a (3.1.9a)
))) (/usr/share/texlive/texmf-dist/tex/latex/amsmath/amsmath.sty
Package: amsmath 2021/10/15 v2.17l AMS math features
\@mathmargin=\skip49

For additional information on amsmath, use the `?' option.
(/usr/share/texlive/texmf-dist/tex/latex/amsmath/amstext.sty
Package: amstext 2021/08/26 v2.01 AMS text
 (/usr/share/texlive/texmf-dist/tex/latex/amsmath/amsgen.sty
File: amsgen.sty 1999/11/30 v2.0 generic functions
\@emptytoks=\toks30
\ex@=\dimen193
)) (/usr/share/texlive/texmf-dist/tex/latex/amsmath/amsbsy.sty
Package: amsbsy 1999/11/29 v1.2d Bold Symbols
\pmbraise@=\dimen194
) (/usr/share/texlive/texmf-dist/tex/latex/amsmath/amsopn.sty
Package: amsopn 2021/08/26 v2.02 operator names
)
\inf@bad=\count281
LaTeX Info: Redefining \frac on input line 234.
\uproot@=\count282
\leftroot@=\count283
LaTeX Info: Redefining \overline on input line 399.
\classnum@=\count284
\DOTSCASE@=\count285
LaTeX Info: Redefining \ldots on input line 496.
LaTeX Info: Redefining \dots on input line 499.
LaTeX Info: Redefining \cdots on input line 620.
\Mathstrutbox@=\box62
\strutbox@=\box63
\big@size=\dimen195
LaTeX Font Info:    Redeclaring font encoding OML on input line 743.
LaTeX Font Info:    Redeclaring font encoding OMS on input line 744.
\macc@depth=\count286
\c@MaxMatrixCols=\count287
\dotsspace@=\muskip16
\c@parentequation=\count288
\dspbrk@lvl=\count289
\tag@help=\toks31
\row@=\count290
\column@=\count291
\maxfields@=\count292
\andhelp@=\toks32
\eqnshift@=\dimen196
\alignsep@=\dimen197
\tagshift@=\dimen198
\tagwidth@=\dimen199
\totwidth@=\dimen256
\lineht@=\dimen257
\@envbody=\toks33
\multlinegap=\skip50
\multlinetaggap=\skip51
\mathdisplay@stack=\toks34
LaTeX Info: Redefining \[ on input line 2938.
LaTeX Info: Redefining \] on input line 2939.
) (/usr/share/texlive/texmf-dist/tex/latex/caption/subcaption.sty
Package: subcaption 2020/10/07 v1.3j Sub-captions (AR)
 (/usr/share/texlive/texmf-dist/tex/latex/caption/caption.sty
Package: caption 2020/10/26 v3.5g Customizing captions (AR)
 (/usr/share/texlive/texmf-dist/tex/latex/caption/caption3.sty
Package: caption3 2020/10/21 v2.2e caption3 kernel (AR)
\captionmargin=\dimen258
\captionmargin@=\dimen259
\captionwidth=\dimen260
\caption@tempdima=\dimen261
\caption@indent=\dimen262
\caption@parindent=\dimen263
\caption@hangindent=\dimen264
Package caption Info: Standard document class detected.
)
\c@caption@flags=\count293
\c@continuedfloat=\count294
Package caption Info: wrapfig package is loaded.
)
\c@subfigure=\count295
\c@subtable=\count296
) (/usr/share/texlive/texmf-dist/tex/latex/schemabloc/schemabloc.sty
Package: schemabloc 2006/12/29
 (/usr/share/texlive/texmf-dist/tex/latex/base/ifthen.sty
Package: ifthen 2020/11/24 v1.1c Standard LaTeX ifthen package (DPC)
) (/usr/share/texlive/texmf-dist/tex/generic/pgf/frontendlayer/tikz/libraries/tikzlibraryshapes.code.tex
File: tikzlibraryshapes.code.tex 2021/05/15 v3.1.9a (3.1.9a)
 (/usr/share/texlive/texmf-dist/tex/generic/pgf/frontendlayer/tikz/libraries/tikzlibraryshapes.geometric.code.tex
File: tikzlibraryshapes.geometric.code.tex 2021/05/15 v3.1.9a (3.1.9a)
 (/usr/share/texlive/texmf-dist/tex/generic/pgf/libraries/shapes/pgflibraryshapes.geometric.code.tex
File: pgflibraryshapes.geometric.code.tex 2021/05/15 v3.1.9a (3.1.9a)
)) (/usr/share/texlive/texmf-dist/tex/generic/pgf/frontendlayer/tikz/libraries/tikzlibraryshapes.misc.code.tex
File: tikzlibraryshapes.misc.code.tex 2021/05/15 v3.1.9a (3.1.9a)
 (/usr/share/texlive/texmf-dist/tex/generic/pgf/libraries/shapes/pgflibraryshapes.misc.code.tex
File: pgflibraryshapes.misc.code.tex 2021/05/15 v3.1.9a (3.1.9a)
)) (/usr/share/texlive/texmf-dist/tex/generic/pgf/frontendlayer/tikz/libraries/tikzlibraryshapes.symbols.code.tex
File: tikzlibraryshapes.symbols.code.tex 2021/05/15 v3.1.9a (3.1.9a)
 (/usr/share/texlive/texmf-dist/tex/generic/pgf/libraries/shapes/pgflibraryshapes.symbols.code.tex
File: pgflibraryshapes.symbols.code.tex 2021/05/15 v3.1.9a (3.1.9a)
)) (/usr/share/texlive/texmf-dist/tex/generic/pgf/frontendlayer/tikz/libraries/tikzlibraryshapes.arrows.code.tex
File: tikzlibraryshapes.arrows.code.tex 2021/05/15 v3.1.9a (3.1.9a)
 (/usr/share/texlive/texmf-dist/tex/generic/pgf/libraries/shapes/pgflibraryshapes.arrows.code.tex
File: pgflibraryshapes.arrows.code.tex 2021/05/15 v3.1.9a (3.1.9a)
)) (/usr/share/texlive/texmf-dist/tex/generic/pgf/frontendlayer/tikz/libraries/tikzlibraryshapes.callouts.code.tex (/usr/share/texlive/texmf-dist/tex/generic/pgf/libraries/shapes/pgflibraryshapes.callouts.code.tex)) (/usr/share/texlive/texmf-dist/tex/generic/pgf/frontendlayer/tikz/libraries/tikzlibraryshapes.multipart.code.tex
File: tikzlibraryshapes.multipart.code.tex 2021/05/15 v3.1.9a (3.1.9a)
 (/usr/share/texlive/texmf-dist/tex/generic/pgf/libraries/shapes/pgflibraryshapes.multipart.code.tex
File: pgflibraryshapes.multipart.code.tex 2021/05/15 v3.1.9a (3.1.9a)
\pgfnodepartlowerbox=\box64
\pgfnodeparttwobox=\box65
\pgfnodepartthreebox=\box66
\pgfnodepartfourbox=\box67
\pgfnodeparttwentybox=\box68
\pgfnodepartnineteenbox=\box69
\pgfnodeparteighteenbox=\box70
\pgfnodepartseventeenbox=\box71
\pgfnodepartsixteenbox=\box72
\pgfnodepartfifteenbox=\box73
\pgfnodepartfourteenbox=\box74
\pgfnodepartthirteenbox=\box75
\pgfnodeparttwelvebox=\box76
\pgfnodepartelevenbox=\box77
\pgfnodeparttenbox=\box78
\pgfnodepartninebox=\box79
\pgfnodeparteightbox=\box80
\pgfnodepartsevenbox=\box81
\pgfnodepartsixbox=\box82
\pgfnodepartfivebox=\box83
))) (/usr/share/texlive/texmf-dist/tex/generic/pgf/frontendlayer/tikz/libraries/tikzlibraryarrows.code.tex
File: tikzlibraryarrows.code.tex 2021/05/15 v3.1.9a (3.1.9a)
 (/usr/share/texlive/texmf-dist/tex/generic/pgf/libraries/pgflibraryarrows.code.tex
File: pgflibraryarrows.code.tex 2021/05/15 v3.1.9a (3.1.9a)
\arrowsize=\dimen265
))) (/usr/share/texlive/texmf-dist/tex/latex/listings/listings.sty
\lst@mode=\count297
\lst@gtempboxa=\box84
\lst@token=\toks35
\lst@length=\count298
\lst@currlwidth=\dimen266
\lst@column=\count299
\lst@pos=\count300
\lst@lostspace=\dimen267
\lst@width=\dimen268
\lst@newlines=\count301
\lst@lineno=\count302
\lst@maxwidth=\dimen269
 (/usr/share/texlive/texmf-dist/tex/latex/listings/lstmisc.sty
File: lstmisc.sty 2020/03/24 1.8d (Carsten Heinz)
\c@lstnumber=\count303
\lst@skipnumbers=\count304
\lst@framebox=\box85
) (/usr/share/texlive/texmf-dist/tex/latex/listings/listings.cfg
File: listings.cfg 2020/03/24 1.8d listings configuration
))
Package: listings 2020/03/24 1.8d (Carsten Heinz)
 (/usr/share/texlive/texmf-dist/tex/latex/booktabs/booktabs.sty
Package: booktabs 2020/01/12 v1.61803398 Publication quality tables
\heavyrulewidth=\dimen270
\lightrulewidth=\dimen271
\cmidrulewidth=\dimen272
\belowrulesep=\dimen273
\belowbottomsep=\dimen274
\aboverulesep=\dimen275
\abovetopsep=\dimen276
\cmidrulesep=\dimen277
\cmidrulekern=\dimen278
\defaultaddspace=\dimen279
\@cmidla=\count305
\@cmidlb=\count306
\@aboverulesep=\dimen280
\@belowrulesep=\dimen281
\@thisruleclass=\count307
\@lastruleclass=\count308
\@thisrulewidth=\dimen282
) (/usr/share/texlive/texmf-dist/tex/latex/tools/tabularx.sty
Package: tabularx 2020/01/15 v2.11c `tabularx' package (DPC)
 (/usr/share/texlive/texmf-dist/tex/latex/tools/array.sty
Package: array 2021/10/04 v2.5f Tabular extension package (FMi)
\col@sep=\dimen283
\ar@mcellbox=\box86
\extrarowheight=\dimen284
\NC@list=\toks36
\extratabsurround=\skip52
\backup@length=\skip53
\ar@cellbox=\box87
)
\TX@col@width=\dimen285
\TX@old@table=\dimen286
\TX@old@col=\dimen287
\TX@target=\dimen288
\TX@delta=\dimen289
\TX@cols=\count309
\TX@ftn=\toks37
) (/usr/share/texlive/texmf-dist/tex/latex/enumitem/enumitem.sty
Package: enumitem 2019/06/20 v3.9 Customized lists
\labelindent=\skip54
\enit@outerparindent=\dimen290
\enit@toks=\toks38
\enit@inbox=\box88
\enit@count@id=\count310
\enitdp@description=\count311
) (/usr/share/texlive/texmf-dist/tex/latex/hyperref/hyperref.sty
Package: hyperref 2021-06-07 v7.00m Hypertext links for LaTeX
 (/usr/share/texlive/texmf-dist/tex/generic/ltxcmds/ltxcmds.sty
Package: ltxcmds 2020-05-10 v1.25 LaTeX kernel commands for general use (HO)
) (/usr/share/texlive/texmf-dist/tex/generic/iftex/iftex.sty
Package: iftex 2020/03/06 v1.0d TeX engine tests
) (/usr/share/texlive/texmf-dist/tex/generic/pdftexcmds/pdftexcmds.sty
Package: pdftexcmds 2020-06-27 v0.33 Utility functions of pdfTeX for LuaTeX (HO)
 (/usr/share/texlive/texmf-dist/tex/generic/infwarerr/infwarerr.sty
Package: infwarerr 2019/12/03 v1.5 Providing info/warning/error messages (HO)
)
Package pdftexcmds Info: \pdf@primitive is available.
Package pdftexcmds Info: \pdf@ifprimitive is available.
Package pdftexcmds Info: \pdfdraftmode found.
) (/usr/share/texlive/texmf-dist/tex/generic/kvsetkeys/kvsetkeys.sty
Package: kvsetkeys 2019/12/15 v1.18 Key value parser (HO)
) (/usr/share/texlive/texmf-dist/tex/generic/kvdefinekeys/kvdefinekeys.sty
Package: kvdefinekeys 2019-12-19 v1.6 Define keys (HO)
) (/usr/share/texlive/texmf-dist/tex/generic/pdfescape/pdfescape.sty
Package: pdfescape 2019/12/09 v1.15 Implements pdfTeX's escape features (HO)
) (/usr/share/texlive/texmf-dist/tex/latex/hycolor/hycolor.sty
Package: hycolor 2020-01-27 v1.10 Color options for hyperref/bookmark (HO)
) (/usr/share/texlive/texmf-dist/tex/latex/letltxmacro/letltxmacro.sty
Package: letltxmacro 2019/12/03 v1.6 Let assignment for LaTeX macros (HO)
) (/usr/share/texlive/texmf-dist/tex/latex/auxhook/auxhook.sty
Package: auxhook 2019-12-17 v1.6 Hooks for auxiliary files (HO)
) (/usr/share/texlive/texmf-dist/tex/latex/kvoptions/kvoptions.sty
Package: kvoptions 2020-10-07 v3.14 Key value format for package options (HO)
)
\@linkdim=\dimen291
\Hy@linkcounter=\count312
\Hy@pagecounter=\count313
 (/usr/share/texlive/texmf-dist/tex/latex/hyperref/pd1enc.def
File: pd1enc.def 2021-06-07 v7.00m Hyperref: PDFDocEncoding definition (HO)
Now handling font encoding PD1 ...
... no UTF-8 mapping file for font encoding PD1
) (/usr/share/texlive/texmf-dist/tex/latex/hyperref/hyperref-langpatches.def
File: hyperref-langpatches.def 2021-06-07 v7.00m Hyperref: patches for babel languages
) (/usr/share/texlive/texmf-dist/tex/generic/intcalc/intcalc.sty
Package: intcalc 2019/12/15 v1.3 Expandable calculations with integers (HO)
) (/usr/share/texlive/texmf-dist/tex/generic/etexcmds/etexcmds.sty
Package: etexcmds 2019/12/15 v1.7 Avoid name clashes with e-TeX commands (HO)
)
\Hy@SavedSpaceFactor=\count314
 (/usr/share/texlive/texmf-dist/tex/latex/hyperref/puenc.def
File: puenc.def 2021-06-07 v7.00m Hyperref: PDF Unicode definition (HO)
Now handling font encoding PU ...
... no UTF-8 mapping file for font encoding PU
)
Package hyperref Info: Hyper figures OFF on input line 4192.
Package hyperref Info: Link nesting OFF on input line 4197.
Package hyperref Info: Hyper index ON on input line 4200.
Package hyperref Info: Plain pages OFF on input line 4207.
Package hyperref Info: Backreferencing OFF on input line 4212.
Package hyperref Info: Implicit mode ON; LaTeX internals redefined.
Package hyperref Info: Bookmarks ON on input line 4445.
\c@Hy@tempcnt=\count315
 (/usr/share/texlive/texmf-dist/tex/latex/url/url.sty
\Urlmuskip=\muskip17
Package: url 2013/09/16  ver 3.4  Verb mode for urls, etc.
)
LaTeX Info: Redefining \url on input line 4804.
\XeTeXLinkMargin=\dimen292
 (/usr/share/texlive/texmf-dist/tex/generic/bitset/bitset.sty
Package: bitset 2019/12/09 v1.3 Handle bit-vector datatype (HO)
 (/usr/share/texlive/texmf-dist/tex/generic/bigintcalc/bigintcalc.sty
Package: bigintcalc 2019/12/15 v1.5 Expandable calculations on big integers (HO)
))
\Fld@menulength=\count316
\Field@Width=\dimen293
\Fld@charsize=\dimen294
Package hyperref Info: Hyper figures OFF on input line 6076.
Package hyperref Info: Link nesting OFF on input line 6081.
Package hyperref Info: Hyper index ON on input line 6084.
Package hyperref Info: backreferencing OFF on input line 6091.
Package hyperref Info: Link coloring OFF on input line 6096.
Package hyperref Info: Link coloring with OCG OFF on input line 6101.
Package hyperref Info: PDF/A mode OFF on input line 6106.
LaTeX Info: Redefining \ref on input line 6146.
LaTeX Info: Redefining \pageref on input line 6150.
 (/usr/share/texlive/texmf-dist/tex/latex/base/atbegshi-ltx.sty
Package: atbegshi-ltx 2021/01/10 v1.0c Emulation of the original atbegshi
package with kernel methods
)
\Hy@abspage=\count317
\c@Item=\count318
\c@Hfootnote=\count319
)
Package hyperref Info: Driver (autodetected): hpdftex.
 (/usr/share/texlive/texmf-dist/tex/latex/hyperref/hpdftex.def
File: hpdftex.def 2021-06-07 v7.00m Hyperref driver for pdfTeX
 (/usr/share/texlive/texmf-dist/tex/latex/base/atveryend-ltx.sty
Package: atveryend-ltx 2020/08/19 v1.0a Emulation of the original atveryend package
with kernel methods
)
\Fld@listcount=\count320
\c@bookmark@seq@number=\count321
 (/usr/share/texlive/texmf-dist/tex/latex/rerunfilecheck/rerunfilecheck.sty
Package: rerunfilecheck 2019/12/05 v1.9 Rerun checks for auxiliary files (HO)
 (/usr/share/texlive/texmf-dist/tex/generic/uniquecounter/uniquecounter.sty
Package: uniquecounter 2019/12/15 v1.4 Provide unlimited unique counter (HO)
)
Package uniquecounter Info: New unique counter `rerunfilecheck' on input line 286.
)
\Hy@SectionHShift=\skip55
) (/usr/share/texlive/texmf-dist/tex/latex/geometry/geometry.sty
Package: geometry 2020/01/02 v5.9 Page Geometry
 (/usr/share/texlive/texmf-dist/tex/generic/iftex/ifvtex.sty
Package: ifvtex 2019/10/25 v1.7 ifvtex legacy package. Use iftex instead.
)
\Gm@cnth=\count322
\Gm@cntv=\count323
\c@Gm@tempcnt=\count324
\Gm@bindingoffset=\dimen295
\Gm@wd@mp=\dimen296
\Gm@odd@mp=\dimen297
\Gm@even@mp=\dimen298
\Gm@layoutwidth=\dimen299
\Gm@layoutheight=\dimen300
\Gm@layouthoffset=\dimen301
\Gm@layoutvoffset=\dimen302
\Gm@dimlist=\toks39
) (/usr/share/texlive/texmf-dist/tex/generic/pgf/frontendlayer/tikz/libraries/tikzlibraryfit.code.tex
File: tikzlibraryfit.code.tex 2021/05/15 v3.1.9a (3.1.9a)
) (/usr/share/texlive/texmf-dist/tex/generic/pgf/frontendlayer/tikz/libraries/tikzlibrarypositioning.code.tex
File: tikzlibrarypositioning.code.tex 2021/05/15 v3.1.9a (3.1.9a)
) (/usr/share/texlive/texmf-dist/tex/generic/pgf/frontendlayer/tikz/libraries/tikzlibraryshadows.code.tex
File: tikzlibraryshadows.code.tex 2021/05/15 v3.1.9a (3.1.9a)
 (/usr/share/texlive/texmf-dist/tex/generic/pgf/frontendlayer/tikz/libraries/tikzlibraryfadings.code.tex
File: tikzlibraryfadings.code.tex 2021/05/15 v3.1.9a (3.1.9a)
 (/usr/share/texlive/texmf-dist/tex/generic/pgf/libraries/pgflibraryfadings.code.tex
File: pgflibraryfadings.code.tex 2021/05/15 v3.1.9a (3.1.9a)
))) (/usr/share/texlive/texmf-dist/tex/latex/placeins/placeins.sty
Package: placeins 2005/04/18  v 2.2
) (/usr/share/texlive/texmf-dist/tex/latex/l3backend/l3backend-pdftex.def
File: l3backend-pdftex.def 2022-01-12 L3 backend support: PDF output (pdfTeX)
\l__color_backend_stack_int=\count325
\l__pdf_internal_box=\box89
) (./Bericht.aux (./sections/02 Einleitung.aux) (./sections/03 Informationstheoretische Vorbetrachtungen.aux) (./sections/04 Systemtheoretische Vorbetrachtungen.aux) (./sections/05 Implementierung.aux) (./sections/06 Zusammenfasssung.aux) (./sections/07 Referenzen.aux))
\openout1 = `Bericht.aux'.

LaTeX Font Info:    Checking defaults for OML/cmm/m/it on input line 117.
LaTeX Font Info:    ... okay on input line 117.
LaTeX Font Info:    Checking defaults for OMS/cmsy/m/n on input line 117.
LaTeX Font Info:    ... okay on input line 117.
LaTeX Font Info:    Checking defaults for OT1/cmr/m/n on input line 117.
LaTeX Font Info:    ... okay on input line 117.
LaTeX Font Info:    Checking defaults for T1/cmr/m/n on input line 117.
LaTeX Font Info:    ... okay on input line 117.
LaTeX Font Info:    Checking defaults for TS1/cmr/m/n on input line 117.
LaTeX Font Info:    ... okay on input line 117.
LaTeX Font Info:    Checking defaults for OMX/cmex/m/n on input line 117.
LaTeX Font Info:    ... okay on input line 117.
LaTeX Font Info:    Checking defaults for U/cmr/m/n on input line 117.
LaTeX Font Info:    ... okay on input line 117.
LaTeX Font Info:    Checking defaults for PD1/pdf/m/n on input line 117.
LaTeX Font Info:    ... okay on input line 117.
LaTeX Font Info:    Checking defaults for PU/pdf/m/n on input line 117.
LaTeX Font Info:    ... okay on input line 117.
 (/usr/share/texlive/texmf-dist/tex/context/base/mkii/supp-pdf.mkii
[Loading MPS to PDF converter (version 2006.09.02).]
\scratchcounter=\count326
\scratchdimen=\dimen303
\scratchbox=\box90
\nofMPsegments=\count327
\nofMParguments=\count328
\everyMPshowfont=\toks40
\MPscratchCnt=\count329
\MPscratchDim=\dimen304
\MPnumerator=\count330
\makeMPintoPDFobject=\count331
\everyMPtoPDFconversion=\toks41
) (/usr/share/texlive/texmf-dist/tex/latex/epstopdf-pkg/epstopdf-base.sty
Package: epstopdf-base 2020-01-24 v2.11 Base part for package epstopdf
 (/usr/share/texlive/texmf-dist/tex/latex/grfext/grfext.sty
Package: grfext 2019/12/03 v1.3 Manage graphics extensions (HO)
)
Package epstopdf-base Info: Redefining graphics rule for `.eps' on input line 485.
Package grfext Info: Graphics extension search list:
(grfext)             [.pdf,.png,.jpg,.mps,.jpeg,.jbig2,.jb2,.PDF,.PNG,.JPG,.JPEG,.JBIG2,.JB2,.eps]
(grfext)             \AppendGraphicsExtensions on input line 504.
 (/usr/share/texlive/texmf-dist/tex/latex/latexconfig/epstopdf-sys.cfg
File: epstopdf-sys.cfg 2010/07/13 v1.3 Configuration of (r)epstopdf for TeX Live
))
Package caption Info: Begin \AtBeginDocument code.
Package caption Info: hyperref package is loaded.
Package caption Info: listings package is loaded.
Package caption Info: End \AtBeginDocument code.
\c@lstlisting=\count332
Package hyperref Info: Link coloring OFF on input line 117.
 (/usr/share/texlive/texmf-dist/tex/latex/hyperref/nameref.sty
Package: nameref 2021-04-02 v2.47 Cross-referencing by name of section
 (/usr/share/texlive/texmf-dist/tex/latex/refcount/refcount.sty
Package: refcount 2019/12/15 v3.6 Data extraction from label references (HO)
) (/usr/share/texlive/texmf-dist/tex/generic/gettitlestring/gettitlestring.sty
Package: gettitlestring 2019/12/15 v1.6 Cleanup title references (HO)
)
\c@section@level=\count333
)
LaTeX Info: Redefining \ref on input line 117.
LaTeX Info: Redefining \pageref on input line 117.
LaTeX Info: Redefining \nameref on input line 117.
 (./Bericht.out) (./Bericht.out)
\@outlinefile=\write4
\openout4 = `Bericht.out'.


*geometry* driver: auto-detecting
*geometry* detected driver: pdftex
*geometry* verbose mode - [ preamble ] result:
* driver: pdftex
* paper: a4paper
* layout: <same size as paper>
* layoutoffset:(h,v)=(0.0pt,0.0pt)
* modes: 
* h-part:(L,W,R)=(56.9055pt, 483.69687pt, 56.9055pt)
* v-part:(T,H,B)=(56.9055pt, 745.46222pt, 42.67912pt)
* \paperwidth=597.50787pt
* \paperheight=845.04684pt
* \textwidth=483.69687pt
* \textheight=745.46222pt
* \oddsidemargin=-15.36449pt
* \evensidemargin=-15.36449pt
* \topmargin=-52.36449pt
* \headheight=12.0pt
* \headsep=25.0pt
* \topskip=12.0pt
* \footskip=30.0pt
* \marginparwidth=35.0pt
* \marginparsep=10.0pt
* \columnsep=10.0pt
* \skip\footins=10.8pt plus 4.0pt minus 2.0pt
* \hoffset=0.0pt
* \voffset=0.0pt
* \mag=1000
* \@twocolumnfalse
* \@twosidefalse
* \@mparswitchfalse
* \@reversemarginfalse
* (1in=72.27pt=25.4mm, 1cm=28.453pt)

[1

{/var/lib/texmf/fonts/map/pdftex/updmap/pdftex.map}]

Package hyperref Warning: Option `colorlinks' has already been used,
(hyperref)                setting the option has no effect on input line 153.


Package hyperref Warning: Option `pdfpagemode' has already been used,
(hyperref)                setting the option has no effect on input line 153.

(./Bericht.tocpdfTeX warning (ext4): destination with the same identifier (name{page.1}) has been already used, duplicate ignored
<to be read again> 
                   \relax 
l.49 ...nen der PID-Parameter}{32}{subsection.4.7}
                                                  % [1])
\tf@toc=\write5
\openout5 = `Bericht.toc'.

 [2]
\openout2 = `"sections/02 Einleitung.aux"'.

 (./sections/02 Einleitung.tex) [3

]
\openout2 = `"sections/03 Informationstheoretische Vorbetrachtungen.aux"'.

 (./sections/03 Informationstheoretische Vorbetrachtungen.tex
Overfull \hbox (0.8942pt too wide) in paragraph at lines 4--7
\OT1/cmr/m/n/12 Ein drei-di-men-sion-aler Vek-tor-raum habe die drei or-thog-o-nalen Ba-sisvek-toren $\OML/cmm/m/it/12 x$\OT1/cmr/m/n/12 , $\OML/cmm/m/it/12 y$ \OT1/cmr/m/n/12 und $\OML/cmm/m/it/12 z$\OT1/cmr/m/n/12 . Mithilfe
 []

[4



]
<../images/0026 Eulerwinkel.png, id=371, 887.315pt x 698.61pt>
File: ../images/0026 Eulerwinkel.png Graphic file (type png)
<use ../images/0026 Eulerwinkel.png>
Package pdftex.def Info: ../images/0026 Eulerwinkel.png  used on input line 32.
(pdftex.def)             Requested size: 443.65642pt x 349.30414pt.
 [5 <../images/0026 Eulerwinkel.png>]
<../images/0028 Kardanwinkel.png, id=388, 899.36pt x 738.76pt>
File: ../images/0028 Kardanwinkel.png Graphic file (type png)
<use ../images/0028 Kardanwinkel.png>
Package pdftex.def Info: ../images/0028 Kardanwinkel.png  used on input line 69.
(pdftex.def)             Requested size: 449.6789pt x 369.37909pt.
 [6 <../images/0028 Kardanwinkel.png>]
<../images/0029 Roll-Pitch-Yaw.png, id=403, 899.36pt x 738.76pt>
File: ../images/0029 Roll-Pitch-Yaw.png Graphic file (type png)
<use ../images/0029 Roll-Pitch-Yaw.png>
Package pdftex.def Info: ../images/0029 Roll-Pitch-Yaw.png  used on input line 100.
(pdftex.def)             Requested size: 449.6789pt x 369.37909pt.
<../images/0027 Gimbel Lock.png, id=406, 899.36pt x 738.76pt>
File: ../images/0027 Gimbel Lock.png Graphic file (type png)
<use ../images/0027 Gimbel Lock.png>
Package pdftex.def Info: ../images/0027 Gimbel Lock.png  used on input line 107.
(pdftex.def)             Requested size: 449.6789pt x 369.37909pt.
 [7 <../images/0029 Roll-Pitch-Yaw.png>] [8 <../images/0027 Gimbel Lock.png>]) [9]
\openout2 = `"sections/04 Systemtheoretische Vorbetrachtungen.aux"'.

 (./sections/04 Systemtheoretische Vorbetrachtungen.tex [10



] [11] [12]
<../images/0047 Eulerwinkel Zufällige Aktionen.png, id=474, 1517.67pt x 544.0325pt>
File: ../images/0047 Eulerwinkel Zufällige Aktionen.png Graphic file (type png)
<use ../images/0047 Eulerwinkel Zufällige Aktionen.png>
Package pdftex.def Info: ../images/0047 Eulerwinkel Zufällige Aktionen.png  used on input line 166.
(pdftex.def)             Requested size: 455.30452pt x 163.211pt.
 [13 <../images/0047 Eulerwinkel Zufällige Aktionen.png>] [14]
<../images/0001 Quadcopterregler.png, id=501, 445.665pt x 124.465pt>
File: ../images/0001 Quadcopterregler.png Graphic file (type png)
<use ../images/0001 Quadcopterregler.png>
Package pdftex.def Info: ../images/0001 Quadcopterregler.png  used on input line 203.
(pdftex.def)             Requested size: 347.6173pt x 97.0823pt.
<../images/0046 Weltmodell ohne Hintergrund.png, id=504, 579.16376pt x 434.62375pt>
File: ../images/0046 Weltmodell ohne Hintergrund.png Graphic file (type png)
<use ../images/0046 Weltmodell ohne Hintergrund.png>
Package pdftex.def Info: ../images/0046 Weltmodell ohne Hintergrund.png  used on input line 221.
(pdftex.def)             Requested size: 150.57903pt x 112.9995pt.
 [15 <../images/0001 Quadcopterregler.png>] [16 <../images/0046 Weltmodell ohne Hintergrund.png>]
<../images/0032 multi-layer-perzeptron.png, id=528, 911.405pt x 624.3325pt>
File: ../images/0032 multi-layer-perzeptron.png Graphic file (type png)
<use ../images/0032 multi-layer-perzeptron.png>
Package pdftex.def Info: ../images/0032 multi-layer-perzeptron.png  used on input line 270.
(pdftex.def)             Requested size: 338.58632pt x 231.94254pt.
 [17 <../images/0032 multi-layer-perzeptron.png>] [18]
Overfull \hbox (0.12453pt too wide) in paragraph at lines 411--412
\OT1/cmr/m/n/12 Diese Einf^^?uhrung zu Proximal-Policy-Optimization hat nicht den Anspruch eine vol-lumf^^?angliche
 []

[19] (/usr/share/texlive/texmf-dist/tex/latex/listings/lstlang1.sty
File: lstlang1.sty 2020/03/24 1.8d listings language file
)
LaTeX Font Info:    Trying to load font information for OMS+cmss on input line 431.
LaTeX Font Info:    No file OMScmss.fd. on input line 431.


LaTeX Font Warning: Font shape `OMS/cmss/m/n' undefined
(Font)              using `OMS/cmsy/m/n' instead
(Font)              for symbol `textbraceleft' on input line 431.

LaTeX Font Info:    Font shape `OT1/cmss/m/it' in size <8> not available
(Font)              Font shape `OT1/cmss/m/sl' tried instead on input line 435.
[20]
LaTeX Font Info:    Trying to load font information for TS1+cmss on input line 489.
 (/usr/share/texlive/texmf-dist/tex/latex/base/ts1cmss.fd
File: ts1cmss.fd 2019/12/16 v2.5j Standard LaTeX font definitions
)
<../images/0058 Tensorboard.png, id=623, 1927.2pt x 952.55875pt>
File: ../images/0058 Tensorboard.png Graphic file (type png)
<use ../images/0058 Tensorboard.png>
Package pdftex.def Info: ../images/0058 Tensorboard.png  used on input line 515.
(pdftex.def)             Requested size: 474.02086pt x 234.28737pt.
 [21] [22 <../images/0058 Tensorboard.png>]
<../images/0062 ThreeJS Beispielselektor.png, id=672, 1927.2pt x 953.5625pt>
File: ../images/0062 ThreeJS Beispielselektor.png Graphic file (type png)
<use ../images/0062 ThreeJS Beispielselektor.png>
Package pdftex.def Info: ../images/0062 ThreeJS Beispielselektor.png  used on input line 544.
(pdftex.def)             Requested size: 435.32422pt x 215.38622pt.
) [23 <../images/0062 ThreeJS Beispielselektor.png>]
\openout2 = `"sections/05 Implementierung.aux"'.

 (./sections/05 Implementierung.tex [24



] [25]
<../images/0002 nucleo-f411re.png, id=710, 579.16376pt x 434.62375pt>
File: ../images/0002 nucleo-f411re.png Graphic file (type png)
<use ../images/0002 nucleo-f411re.png>
Package pdftex.def Info: ../images/0002 nucleo-f411re.png  used on input line 37.
(pdftex.def)             Requested size: 347.50093pt x 260.77626pt.
 [26 <../images/0002 nucleo-f411re.png>] [27] [28] [29]
<../images/0068 Quadlive 1.png, id=835, 633.36626pt x 702.625pt>
File: ../images/0068 Quadlive 1.png Graphic file (type png)
<use ../images/0068 Quadlive 1.png>
Package pdftex.def Info: ../images/0068 Quadlive 1.png  used on input line 289.
(pdftex.def)             Requested size: 190.01134pt x 210.78912pt.
 [30 <../images/0068 Quadlive 1.png>] [31]
Overfull \hbox (2.1074pt too wide) in paragraph at lines 386--388
\OT1/cmr/m/n/12 Das An-ler-nen des PID-Geschwindigkeitsregelers um-fasste bis zu 18 PID-Parameter. Zu beachten
 []

[32] [33]
<../images/0089 PID Lernen.png, id=875, 1251.67625pt x 479.7925pt>
File: ../images/0089 PID Lernen.png Graphic file (type png)
<use ../images/0089 PID Lernen.png>
Package pdftex.def Info: ../images/0089 PID Lernen.png  used on input line 514.
(pdftex.def)             Requested size: 475.64192pt x 182.32303pt.
 [34 <../images/0089 PID Lernen.png>]
<../images/0096 Geschwindigkeit.png, id=884, 1504.62125pt x 833.1125pt>
File: ../images/0096 Geschwindigkeit.png Graphic file (type png)
<use ../images/0096 Geschwindigkeit.png>
Package pdftex.def Info: ../images/0096 Geschwindigkeit.png  used on input line 519.
(pdftex.def)             Requested size: 376.15439pt x 208.27762pt.
<../images/0098 Position.png, id=885, 1504.62125pt x 833.1125pt>
File: ../images/0098 Position.png Graphic file (type png)
<use ../images/0098 Position.png>
Package pdftex.def Info: ../images/0098 Position.png  used on input line 522.
(pdftex.def)             Requested size: 376.15439pt x 208.27762pt.
<../images/0097 Drehlage.png, id=886, 1523.6925pt x 553.06625pt>
File: ../images/0097 Drehlage.png Graphic file (type png)
<use ../images/0097 Drehlage.png>
Package pdftex.def Info: ../images/0097 Drehlage.png  used on input line 525.
(pdftex.def)             Requested size: 380.9222pt x 138.26622pt.
 [35 <../images/0096 Geschwindigkeit.png> <../images/0098 Position.png> <../images/0097 Drehlage.png>]
<../images/0093 Geschwindigkeit.png, id=894, 1504.62125pt x 833.1125pt>
File: ../images/0093 Geschwindigkeit.png Graphic file (type png)
<use ../images/0093 Geschwindigkeit.png>
Package pdftex.def Info: ../images/0093 Geschwindigkeit.png  used on input line 530.
(pdftex.def)             Requested size: 376.15439pt x 208.27762pt.
<../images/0094 Position.png, id=895, 1504.62125pt x 833.1125pt>
File: ../images/0094 Position.png Graphic file (type png)
<use ../images/0094 Position.png>
Package pdftex.def Info: ../images/0094 Position.png  used on input line 533.
(pdftex.def)             Requested size: 376.15439pt x 208.27762pt.
<../images/0095 Drehlage.png, id=896, 1519.6775pt x 540.0175pt>
File: ../images/0095 Drehlage.png Graphic file (type png)
<use ../images/0095 Drehlage.png>
Package pdftex.def Info: ../images/0095 Drehlage.png  used on input line 536.
(pdftex.def)             Requested size: 379.91844pt x 135.00404pt.
 [36 <../images/0093 Geschwindigkeit.png> <../images/0094 Position.png> <../images/0095 Drehlage.png>]
Overfull \hbox (1.46893pt too wide) in paragraph at lines 541--542
\OT1/cmr/m/n/12 Beobach-tung bes-timmter Quad-copterzust^^?ande di-rekt Mo-tor-be-fehle vorher-sagt, so-dass die Quad-
 []

[37]
<../images/0091 Ende-zu-Ende 1.png, id=912, 1262.7175pt x 429.605pt>
File: ../images/0091 Ende-zu-Ende 1.png Graphic file (type png)
<use ../images/0091 Ende-zu-Ende 1.png>
Package pdftex.def Info: ../images/0091 Ende-zu-Ende 1.png  used on input line 672.
(pdftex.def)             Requested size: 454.57796pt x 154.65767pt.
 [38]
<../images/0092 Ende-zu-Ende 2.png, id=918, 1262.7175pt x 429.605pt>
File: ../images/0092 Ende-zu-Ende 2.png Graphic file (type png)
<use ../images/0092 Ende-zu-Ende 2.png>
Package pdftex.def Info: ../images/0092 Ende-zu-Ende 2.png  used on input line 675.
(pdftex.def)             Requested size: 454.57796pt x 154.65767pt.

Overfull \hbox (19.64236pt too wide) in paragraph at lines 702--703
\OT1/cmr/m/n/12 Als Re-gler kann dieses Mod-ell noch nicht einge-setzt wer-den, da es ins-beson-dere die Drehlageregelung 
 []


Overfull \hbox (32.91953pt too wide) in paragraph at lines 702--703
\OT1/cmr/m/n/12 noch nicht gen-er-al-isiert hat. Aber zu-min-d-est hat das Mod-ell ver-standen den 8 Sollgeschwindigkeitsvek-
 []

[39 <../images/0091 Ende-zu-Ende 1.png> <../images/0092 Ende-zu-Ende 2.png>]
<../images/0081 Model E 1.png, id=925, 1498.59875pt x 854.19125pt>
File: ../images/0081 Model E 1.png Graphic file (type png)
<use ../images/0081 Model E 1.png>
Package pdftex.def Info: ../images/0081 Model E 1.png  used on input line 704.
(pdftex.def)             Requested size: 374.64877pt x 213.54729pt.
<../images/0080 Model E 2.png, id=926, 1498.59875pt x 854.19125pt>
File: ../images/0080 Model E 2.png Graphic file (type png)
<use ../images/0080 Model E 2.png>
Package pdftex.def Info: ../images/0080 Model E 2.png  used on input line 707.
(pdftex.def)             Requested size: 374.64877pt x 213.54729pt.
<../images/0079 Model E 3.png, id=927, 1524.69624pt x 541.02126pt>
File: ../images/0079 Model E 3.png Graphic file (type png)
<use ../images/0079 Model E 3.png>
Package pdftex.def Info: ../images/0079 Model E 3.png  used on input line 710.
(pdftex.def)             Requested size: 381.17313pt x 135.25497pt.
 [40 <../images/0081 Model E 1.png> <../images/0080 Model E 2.png> <../images/0079 Model E 3.png>]
<../images/0085 Ende-zu-Ende Nordgeschwindigkeit Ostgeschwindigkeit Untengeschwindigkeit.png, id=935, 1498.59875pt x 854.19125pt>
File: ../images/0085 Ende-zu-Ende Nordgeschwindigkeit Ostgeschwindigkeit Untengeschwindigkeit.png Graphic file (type png)
<use ../images/0085 Ende-zu-Ende Nordgeschwindigkeit Ostgeschwindigkeit Untengeschwindigkeit.png>
Package pdftex.def Info: ../images/0085 Ende-zu-Ende Nordgeschwindigkeit Ostgeschwindigkeit Untengeschwindigkeit.png  used on input line 714.
(pdftex.def)             Requested size: 374.64877pt x 213.54729pt.
<../images/0084 Ende-zu-Ende Nord Ost Unten.png, id=936, 1498.59875pt x 854.19125pt>
File: ../images/0084 Ende-zu-Ende Nord Ost Unten.png Graphic file (type png)
<use ../images/0084 Ende-zu-Ende Nord Ost Unten.png>
Package pdftex.def Info: ../images/0084 Ende-zu-Ende Nord Ost Unten.png  used on input line 717.
(pdftex.def)             Requested size: 374.64877pt x 213.54729pt.
<../images/0086 Ende-zu-Ende Rolllage Nickrate Gierrate.png, id=937, 1512.65125pt x 532.99126pt>
File: ../images/0086 Ende-zu-Ende Rolllage Nickrate Gierrate.png Graphic file (type png)
<use ../images/0086 Ende-zu-Ende Rolllage Nickrate Gierrate.png>
Package pdftex.def Info: ../images/0086 Ende-zu-Ende Rolllage Nickrate Gierrate.png  used on input line 720.
(pdftex.def)             Requested size: 378.16188pt x 133.24748pt.
 [41 <../images/0085 Ende-zu-Ende Nordgeschwindigkeit Ostgeschwindigkeit Untengeschwindigkeit.png> <../images/0084 Ende-zu-Ende Nord Ost Unten.png> <../images/0086 Ende-zu-Ende Rolllage Nickrate Gierrate.png>]
<../images/0064 Pinbelegung.png, id=947, 551.05875pt x 506.89375pt>
File: ../images/0064 Pinbelegung.png Graphic file (type png)
<use ../images/0064 Pinbelegung.png>
Package pdftex.def Info: ../images/0064 Pinbelegung.png  used on input line 729.
(pdftex.def)             Requested size: 275.52869pt x 253.44626pt.
<../images/0067 Pinout NUCLEO F411RE.jpeg, id=948, 1927.2pt x 1445.4pt>
File: ../images/0067 Pinout NUCLEO F411RE.jpeg Graphic file (type jpg)
<use ../images/0067 Pinout NUCLEO F411RE.jpeg>
Package pdftex.def Info: ../images/0067 Pinout NUCLEO F411RE.jpeg  used on input line 733.
(pdftex.def)             Requested size: 269.80617pt x 202.35461pt.
 [42 <../images/0064 Pinbelegung.png> <../images/0067 Pinout NUCLEO F411RE.jpeg>]
<../images/0065 Clock.png, id=958, 1115.16624pt x 502.87875pt>
File: ../images/0065 Clock.png Graphic file (type png)
<use ../images/0065 Clock.png>
Package pdftex.def Info: ../images/0065 Clock.png  used on input line 737.
(pdftex.def)             Requested size: 390.31404pt x 176.0102pt.
 (/usr/share/texlive/texmf-dist/tex/latex/listings/lstlang1.sty
File: lstlang1.sty 2020/03/24 1.8d listings language file
) (/usr/share/texlive/texmf-dist/tex/latex/listings/lstmisc.sty
File: lstmisc.sty 2020/03/24 1.8d (Carsten Heinz)
)
LaTeX Font Info:    Trying to load font information for OML+cmss on input line 773.
LaTeX Font Info:    No file OMLcmss.fd. on input line 773.


LaTeX Font Warning: Font shape `OML/cmss/m/n' undefined
(Font)              using `OML/cmm/m/it' instead
(Font)              for symbol `textgreater' on input line 773.

[43 <../images/0065 Clock.png>] [44]
Overfull \hbox (4.34613pt too wide) in paragraph at lines 927--928
 [][] 
 []

[45]
<../images/0070 Modell 1.jpg, id=1131, 1927.2pt x 2569.6pt>
File: ../images/0070 Modell 1.jpg Graphic file (type jpg)
<use ../images/0070 Modell 1.jpg>
Package pdftex.def Info: ../images/0070 Modell 1.jpg  used on input line 932.
(pdftex.def)             Requested size: 192.7313pt x 256.97505pt.

Underfull \hbox (badness 10000) in paragraph at lines 937--939

 []

<../images/0063 Joystick.jpg, id=1132, 1050.92625pt x 902.37125pt>
File: ../images/0063 Joystick.jpg Graphic file (type jpg)
<use ../images/0063 Joystick.jpg>
Package pdftex.def Info: ../images/0063 Joystick.jpg  used on input line 941.
(pdftex.def)             Requested size: 131.36546pt x 112.79613pt.
[46 <../images/0070 Modell 1.jpg> <../images/0063 Joystick.jpg>]
<../images/0088 Joystick Mode.jpg, id=1139, 1927.2pt x 2569.6pt>
File: ../images/0088 Joystick Mode.jpg Graphic file (type jpg)
<use ../images/0088 Joystick Mode.jpg>
Package pdftex.def Info: ../images/0088 Joystick Mode.jpg  used on input line 945.
(pdftex.def)             Requested size: 154.17915pt x 205.5722pt.
 [47 <../images/0088 Joystick Mode.jpg>]
<../images/0082 S2 Akku.png, id=1177, 483.8075pt x 195.73125pt>
File: ../images/0082 S2 Akku.png Graphic file (type png)
<use ../images/0082 S2 Akku.png>
Package pdftex.def Info: ../images/0082 S2 Akku.png  used on input line 993.
(pdftex.def)             Requested size: 203.19775pt x 82.20656pt.
<../images/0087 Testbench.jpg, id=1178, 2569.6pt x 1927.2pt>
File: ../images/0087 Testbench.jpg Graphic file (type jpg)
<use ../images/0087 Testbench.jpg>
Package pdftex.def Info: ../images/0087 Testbench.jpg  used on input line 997.
(pdftex.def)             Requested size: 462.50806pt x 346.88104pt.

Overfull \hbox (6.36055pt too wide) in paragraph at lines 1001--1003
\OT1/cmr/m/n/12 Der Adap-tion-steil-prozess enth^^?alt alle Ar-beitss-chritte die an-fallen, wenn ein neues Teilziel definiert
 []

[48 <../images/0082 S2 Akku.png> <../images/0087 Testbench.jpg>]
<../images/0073 Flugtest.png, id=1185, 883.3pt x 387.4475pt>
File: ../images/0073 Flugtest.png Graphic file (type png)
<use ../images/0073 Flugtest.png>
Package pdftex.def Info: ../images/0073 Flugtest.png  used on input line 1004.
(pdftex.def)             Requested size: 353.31374pt x 154.97624pt.
<../images/0074 Flugtest.png, id=1186, 883.3pt x 387.4475pt>
File: ../images/0074 Flugtest.png Graphic file (type png)
<use ../images/0074 Flugtest.png>
Package pdftex.def Info: ../images/0074 Flugtest.png  used on input line 1007.
(pdftex.def)             Requested size: 353.31374pt x 154.97624pt.
<../images/0075 Flugtest.png, id=1187, 414.54875pt x 155.58125pt>
File: ../images/0075 Flugtest.png Graphic file (type png)
<use ../images/0075 Flugtest.png>
Package pdftex.def Info: ../images/0075 Flugtest.png  used on input line 1010.
(pdftex.def)             Requested size: 352.36809pt x 132.24467pt.
) [49 <../images/0073 Flugtest.png> <../images/0074 Flugtest.png> <../images/0075 Flugtest.png>] [50]
\openout2 = `"sections/06 Zusammenfasssung.aux"'.

 (./sections/06 Zusammenfasssung.tex) [51



]
\openout2 = `"sections/07 Referenzen.aux"'.

 (./sections/07 Referenzen.tex
Overfull \hbox (14.85588pt too wide) in paragraph at lines 9--10
[]\OT1/cmr/m/n/12 G^^?unter W^^?ohe; Ul-rich D^^?oring; Ger-rit Br^^?osel, Einf^^?uhrung in die All-ge-meine Be-trieb-swirtschaft-
 []


Overfull \hbox (17.17314pt too wide) in paragraph at lines 15--16
[]\OT1/cmr/m/n/12 STM32 PWM Ex-am-ple - Timer PWM Mode Tu-to-rial, https://deepbluembedded.com/stm32-
 []


Overfull \hbox (3.41893pt too wide) in paragraph at lines 16--17
[]\OT1/cmr/m/n/12 Eulerwinkel, http://groolfs.de/Verschiedenespdf/EulerWinkel.pdf, Eu-ler-winkel, abgerufen
 []


Overfull \hbox (11.84799pt too wide) in paragraph at lines 21--23
[]\OT1/cmr/m/n/12 Rotation Quater-nions and how to Use Them, https://danceswithcode.net/engineeringnotes/ 
 []

[52



]
Overfull \hbox (1.44254pt too wide) in paragraph at lines 31--33
\OT1/cmr/m/n/12 https://cs.stackexchange.com/questions/70518/why-do-we-use-the-log-in-gradient-based-
 []


Overfull \hbox (1.44254pt too wide) in paragraph at lines 39--40
\OT1/cmr/m/n/12 https://cs.stackexchange.com/questions/70518/why-do-we-use-the-log-in-gradient-based-
 []


Overfull \hbox (2.53627pt too wide) in paragraph at lines 49--50
[]\OT1/cmr/m/n/12 https://huggingface.co/learn/deep-rl-course/unit1/exp-exp-tradeoff?fw=pt, Hug-ging-face,
 []


Overfull \hbox (0.44258pt too wide) in paragraph at lines 51--52
[]\OT1/cmr/m/n/12 https://www.amazon.co.uk/Logitech-Saitek-Flight-Control-System/dp/B01M9EWQ2W,
 []

[53]) [54] (./Bericht.aux (./sections/02 Einleitung.aux) (./sections/03 Informationstheoretische Vorbetrachtungen.aux) (./sections/04 Systemtheoretische Vorbetrachtungen.aux) (./sections/05 Implementierung.aux) (./sections/06 Zusammenfasssung.aux) (./sections/07 Referenzen.aux))

LaTeX Font Warning: Some font shapes were not available, defaults substituted.

Package rerunfilecheck Info: File `Bericht.out' has not changed.
(rerunfilecheck)             Checksum: 98C32BD0E12040C53F805F5179DA4EA8;10513.
 ) 
Here is how much of TeX's memory you used:
 28328 strings out of 478287
 555394 string characters out of 5849289
 1073608 words of memory out of 5000000
 45414 multiletter control sequences out of 15000+600000
 478812 words of font info for 60 fonts, out of 8000000 for 9000
 1141 hyphenation exceptions out of 8191
 100i,19n,104p,3182b,2079s stack positions out of 5000i,500n,10000p,200000b,80000s
{/usr/share/texmf/fonts/enc/dvips/cm-super/cm-super-ts1.enc}</usr/share/texlive/texmf-dist/fonts/type1/public/amsfonts/cm/cmbx12.pfb></usr/share/texlive/texmf-dist/fonts/type1/public/amsfonts/cm/cmex10.pfb></usr/share/texlive/texmf-dist/fonts/type1/public/amsfonts/cm/cmmi10.pfb></usr/share/texlive/texmf-dist/fonts/type1/public/amsfonts/cm/cmmi12.pfb></usr/share/texlive/texmf-dist/fonts/type1/public/amsfonts/cm/cmmi6.pfb></usr/share/texlive/texmf-dist/fonts/type1/public/amsfonts/cm/cmmi8.pfb></usr/share/texlive/texmf-dist/fonts/type1/public/amsfonts/cm/cmr10.pfb></usr/share/texlive/texmf-dist/fonts/type1/public/amsfonts/cm/cmr12.pfb></usr/share/texlive/texmf-dist/fonts/type1/public/amsfonts/cm/cmr17.pfb></usr/share/texlive/texmf-dist/fonts/type1/public/amsfonts/cm/cmr6.pfb></usr/share/texlive/texmf-dist/fonts/type1/public/amsfonts/cm/cmr8.pfb></usr/share/texlive/texmf-dist/fonts/type1/public/amsfonts/cm/cmss10.pfb></usr/share/texlive/texmf-dist/fonts/type1/public/amsfonts/cm/cmss12.pfb></usr/share/texlive/texmf-dist/fonts/type1/public/amsfonts/cm/cmss8.pfb></usr/share/texlive/texmf-dist/fonts/type1/public/amsfonts/cm/cmssbx10.pfb></usr/share/texlive/texmf-dist/fonts/type1/public/amsfonts/cm/cmssi8.pfb></usr/share/texlive/texmf-dist/fonts/type1/public/amsfonts/cm/cmsy10.pfb></usr/share/texlive/texmf-dist/fonts/type1/public/amsfonts/cm/cmsy6.pfb></usr/share/texlive/texmf-dist/fonts/type1/public/amsfonts/cm/cmsy8.pfb></usr/share/texlive/texmf-dist/fonts/type1/public/amsfonts/cm/cmti12.pfb></usr/share/texmf/fonts/type1/public/cm-super/sfrm1200.pfb></usr/share/texmf/fonts/type1/public/cm-super/sfsi0800.pfb></usr/share/texmf/fonts/type1/public/cm-super/sfss0800.pfb>
Output written on Bericht.pdf (55 pages, 9334726 bytes).
PDF statistics:
 1444 PDF objects out of 1728 (max. 8388607)
 1241 compressed objects within 13 object streams
 576 named destinations out of 1000 (max. 500000)
 763 words of extra memory for PDF output out of 10000 (max. 10000000)

